0 info it worked if it ends with ok
1 verbose cli [ '/usr/local/Cellar/node/0.10.22/bin/node',
1 verbose cli   '/usr/local/bin/npm',
1 verbose cli   'run-script',
1 verbose cli   'grunt' ]
2 info using npm@1.3.14
3 info using node@v0.10.22
4 verbose run-script [ 'pregrunt', 'grunt', 'postgrunt' ]
5 info pregrunt taskList@0.0.1
6 info grunt taskList@0.0.1
7 verbose unsafe-perm in lifecycle true
8 info taskList@0.0.1 Failed to exec grunt script
9 error taskList@0.0.1 grunt: `node_modules/.bin/grunt`
9 error Exit status 127
10 error Failed at the taskList@0.0.1 grunt script.
10 error This is most likely a problem with the taskList package,
10 error not with npm itself.
10 error Tell the author that this fails on your system:
10 error     node_modules/.bin/grunt
10 error You can get their info via:
10 error     npm owner ls taskList
10 error There is likely additional logging output above.
11 error System Darwin 13.0.0
12 error command "/usr/local/Cellar/node/0.10.22/bin/node" "/usr/local/bin/npm" "run-script" "grunt"
13 error cwd /Users/alexfroelich/Desktop/node_googleAPI
14 error node -v v0.10.22
15 error npm -v 1.3.14
16 error code ELIFECYCLE
17 verbose exit [ 1, true ]
